-------------------------------------------------------------------------------
Test set: com.projet.webapplication.WebApplicationTests
-------------------------------------------------------------------------------
Tests run: 1, Failures: 0, Errors: 1, Skipped: 0, Time elapsed: 0.754 s <<< FAILURE! - in com.projet.webapplication.WebApplicationTests
com.projet.webapplication.WebApplicationTests  Time elapsed: 0.753 s  <<< ERROR!
java.lang.IllegalStateException: Unable to find a @SpringBootConfiguration, you need to use @ContextConfiguration or @SpringBootTest(classes=...) with your test

